\BOOKMARK [1][-]{section.1}{1.\040Introduction,\040simplices}{}% 1
\BOOKMARK [1][-]{section.2}{2.\040Simplices,\040more\040about\040homology}{}% 2
\BOOKMARK [1][-]{section.3}{3.\040Categories,\040functors,\040natural\040transformations}{}% 3
\BOOKMARK [1][-]{section.4}{4.\040More\040about\040categories,\040and\040computing\040the\040homology\040of\040a\040star-shaped\040region}{}% 4
\BOOKMARK [1][-]{section.5}{5.\040Homotopy,\040star-shaped\040regions}{}% 5
\BOOKMARK [1][-]{section.6}{6.\040Homotopy\040invariance\040of\040homology}{}% 6
\BOOKMARK [1][-]{section.7}{7.\040Basically\040a\040recap\040of\040what\040we\040did\040last\040time}{}% 7
\BOOKMARK [1][-]{section.8}{8.\040Relative\040Homology}{}% 8
\BOOKMARK [2][-]{subsection.8.1}{8.1.\040Towards\040computing\040homology}{section.8}% 9
\BOOKMARK [2][-]{subsection.8.2}{8.2.\040Exact\040sequences}{section.8}% 10
\BOOKMARK [1][-]{section.9}{9.\040Long\040exact\040homology\040sequence,\040Excision,\040and\040Genealogy}{}% 11
\BOOKMARK [2][-]{subsection.9.1}{9.1.\0405-lemma}{section.9}% 12
\BOOKMARK [2][-]{subsection.9.2}{9.2.\040Relative\040homology}{section.9}% 13
\BOOKMARK [2][-]{subsection.9.3}{9.3.\040General\040study\040of\040homologies\040of\040sexseqs\040of\040chain\040complexes}{section.9}% 14
\BOOKMARK [2][-]{subsection.9.4}{9.4.\040Mathematical\040Genealogy}{section.9}% 15
\BOOKMARK [1][-]{section.10}{10.\040Excision,\040and\040the\040Eilenberg-Steenrod\040axioms}{}% 16
\BOOKMARK [2][-]{subsection.10.1}{10.1.\040Eilenberg-Steenrod\040axioms}{section.10}% 17
\BOOKMARK [1][-]{section.11}{11.\040Application\040of\040our\040previous\040calculation\040of\040\040H\(Sn\)\040and\040the\040``locality\040principle''}{}% 18
\BOOKMARK [2][-]{subsection.11.1}{11.1.\040Addendum\040to\040the\040ES\040axioms}{section.11}% 19
\BOOKMARK [2][-]{subsection.11.2}{11.2.\040Homological\040algebra}{section.11}% 20
\BOOKMARK [2][-]{subsection.11.3}{11.3.\040Locality}{section.11}% 21
\BOOKMARK [1][-]{section.12}{12.\040Mayer-Vietoris\040and\040Subdivision}{}% 22
\BOOKMARK [2][-]{subsection.12.1}{12.1.\040The\040cone\040construction}{section.12}% 23
\BOOKMARK [2][-]{subsection.12.2}{12.2.\040Subdivide\040the\040standard\040simplex}{section.12}% 24
\BOOKMARK [1][-]{section.13}{13.\040Locality\040\(almost\040done!\)}{}% 25
\BOOKMARK [1][-]{section.14}{14.\040Concluding\040Locality!\040and\040CW-complexes}{}% 26
\BOOKMARK [2][-]{subsection.14.1}{14.1.\040CW-complexes}{section.14}% 27
\BOOKMARK [1][-]{section.15}{15.\040CW-complexes\040and\040cellular\040homology}{}% 28
\BOOKMARK [2][-]{subsection.15.1}{15.1.\040Homology\040of\040CW-complexes}{section.15}% 29
\BOOKMARK [1][-]{section.16}{16.\040Homology\040of\040CW-complexes}{}% 30
\BOOKMARK [1][-]{section.17}{17.\040Missing\040lemmas,\040RPn\040again,\040and\040even\040CW-complexes}{}% 31
\BOOKMARK [1][-]{section.18}{18.\040Relative\040attaching\040maps,\040RPn,\040Euler\040characteristic,\040and\040homology\040approximation}{}% 32
\BOOKMARK [2][-]{subsection.18.1}{18.1.\040RPm}{section.18}% 33
\BOOKMARK [2][-]{subsection.18.2}{18.2.\040Euler\040char.}{section.18}% 34
\BOOKMARK [2][-]{subsection.18.3}{18.3.\040Finitely\040generated\040abelian\040groups}{section.18}% 35
\BOOKMARK [1][-]{section.19}{19.\040``Euler's\040theorem'',\040and\040``homology\040approximation''\040-\040CTC\040Wall.\040I\)\040Singular\040homology,\040II\)\040CW\040complexes,\040III\)\040``homological\040algebra''}{}% 36
\BOOKMARK [2][-]{subsection.19.1}{19.1.\040Homological\040algebra}{section.19}% 37
\BOOKMARK [1][-]{section.20}{20.\040}{}% 38
\BOOKMARK [1][-]{section.21}{21.\040Tensor\040and\040Tor}{}% 39
\BOOKMARK [2][-]{subsection.21.1}{21.1.\040Properties\040over\040R}{section.21}% 40
\BOOKMARK [1][-]{section.22}{22. More about `3́9`42`"̇613A``45`47`"603ATor}{}% 41
\BOOKMARK [1][-]{section.23}{23.\040Direct\040Limits}{}% 42
\BOOKMARK [2][-]{subsection.23.1}{23.1. Two more things about `3́9`42`"̇613A``45`47`"603ATor}{section.23}% 43
\BOOKMARK [2][-]{subsection.23.2}{23.2.\040Direct\040limits}{section.23}% 44
\BOOKMARK [1][-]{section.24}{24. Universal coefficient theorem \(and `3́9`42`"̇613A``45`47`"603AHom, adjointness\)}{}% 45
\BOOKMARK [1][-]{section.25}{25. Künneth and Eilenberg-Zilber}{}% 46
\BOOKMARK [2][-]{subsection.25.1}{25.1.\040Acyclic\040models}{section.25}% 47
\BOOKMARK [1][-]{section.26}{26.\040A\040few\040more\040things\040about\040coefficients,\040cohomology}{}% 48
\BOOKMARK [1][-]{section.27}{27.\040Cohomology,\040Ext,\040cup\040product}{}% 49
\BOOKMARK [2][-]{subsection.27.1}{27.1.\040Properties\040of\040cohomology}{section.27}% 50
\BOOKMARK [1][-]{section.28}{28.\040Universal\040coefficient\040theorem,\040and\040products\040in\040\040H}{}% 51
\BOOKMARK [2][-]{subsection.28.1}{28.1.\040Products}{section.28}% 52
\BOOKMARK [1][-]{section.29}{29.\040Cup\040product,\040continued}{}% 53
\BOOKMARK [1][-]{section.30}{30.\040Surfaces\040and\040symmetric\040nondegenerate\040bilinear\040forms}{}% 54
\BOOKMARK [2][-]{subsection.30.1}{30.1. Case of Poincaré duality}{section.30}% 55
\BOOKMARK [2][-]{subsection.30.2}{30.2.\040Symmetric\040bilinear\040forms}{section.30}% 56
\BOOKMARK [2][-]{subsection.30.3}{30.3.\040Connected\040surfaces}{section.30}% 57
\BOOKMARK [1][-]{section.31}{31.\040A\040plethora\040of\040products}{}% 58
\BOOKMARK [1][-]{section.32}{32. Cap product and ``Čech'' cohomology}{}% 59
\BOOKMARK [2][-]{subsection.32.1}{32.1.\040Relative\040}{section.32}% 60
\BOOKMARK [2][-]{subsection.32.2}{32.2.\040A\040different\040perspective\040on\040excision}{section.32}% 61
\BOOKMARK [1][-]{section.33}{33.\040\040as\040a\040cohomology\040theory,\040and\040the\040fully\040relative\040\040product}{}% 62
\BOOKMARK [1][-]{section.34}{34.\040\040as\040a\040cohomology\040theory}{}% 63
\BOOKMARK [2][-]{subsection.34.1}{34.1.\040\040versus\040H}{section.34}% 64
\BOOKMARK [2][-]{subsection.34.2}{34.2.\040Cofinality}{section.34}% 65
\BOOKMARK [1][-]{section.35}{35.\040Finish\040off\040the\040proof\040of\040p\040excision,\040topological\040manifolds,\040fundamental\040classes}{}% 66
\BOOKMARK [2][-]{subsection.35.1}{35.1.\040The\040end\040of\040the\040proof}{section.35}% 67
\BOOKMARK [2][-]{subsection.35.2}{35.2. Topological manifolds + Poincaré duality}{section.35}% 68
\BOOKMARK [1][-]{section.36}{36.\040Fundamental\040class}{}% 69
\BOOKMARK [1][-]{section.37}{37. Covering spaces and Poincaré duality}{}% 70
\BOOKMARK [2][-]{subsection.37.1}{37.1.\040Poincare\040duality,\040finally}{section.37}% 71
\BOOKMARK [1][-]{section.38}{38.\040Applications}{}% 72
