This is XeTeX, Version 3.14159265-2.6-0.99992 (TeX Live 2015/Debian) (preloaded format=xelatex 2017.2.5)  7 FEB 2017 00:04
entering extended mode
 restricted \write18 enabled.
 %&-line parsing enabled.
**18-905-notes.tex
(./18-905-notes.tex
LaTeX2e <2016/02/01>
Babel <3.9q> and hyphenation patterns for 3 language(s) loaded.
(/usr/share/texlive/texmf-dist/tex/latex/amscls/amsart.cls
Document Class: amsart 2015/03/04 v2.20.2
\linespacing=\dimen102
\normalparindent=\dimen103
\normaltopskip=\skip41
(/usr/share/texlive/texmf-dist/tex/latex/amsmath/amsmath.sty
Package: amsmath 2016/03/03 v2.15a AMS math features
\@mathmargin=\skip42

For additional information on amsmath, use the `?' option.
(/usr/share/texlive/texmf-dist/tex/latex/amsmath/amstext.sty
Package: amstext 2000/06/29 v2.01 AMS text

(/usr/share/texlive/texmf-dist/tex/latex/amsmath/amsgen.sty
File: amsgen.sty 1999/11/30 v2.0 generic functions
\@emptytoks=\toks14
\ex@=\dimen104
))
(/usr/share/texlive/texmf-dist/tex/latex/amsmath/amsbsy.sty
Package: amsbsy 1999/11/29 v1.2d Bold Symbols
\pmbraise@=\dimen105
)
(/usr/share/texlive/texmf-dist/tex/latex/amsmath/amsopn.sty
Package: amsopn 1999/12/14 v2.01 operator names
)
\inf@bad=\count79
LaTeX Info: Redefining \frac on input line 199.
\uproot@=\count80
\leftroot@=\count81
LaTeX Info: Redefining \overline on input line 297.
\classnum@=\count82
\DOTSCASE@=\count83
LaTeX Info: Redefining \ldots on input line 394.
LaTeX Info: Redefining \dots on input line 397.
LaTeX Info: Redefining \cdots on input line 518.
\Mathstrutbox@=\box26
\strutbox@=\box27
\big@size=\dimen106
LaTeX Font Info:    Redeclaring font encoding OML on input line 630.
LaTeX Font Info:    Redeclaring font encoding OMS on input line 631.
\macc@depth=\count84
\c@MaxMatrixCols=\count85
\dotsspace@=\muskip10
\c@parentequation=\count86
\dspbrk@lvl=\count87
\tag@help=\toks15
\row@=\count88
\column@=\count89
\maxfields@=\count90
\andhelp@=\toks16
\eqnshift@=\dimen107
\alignsep@=\dimen108
\tagshift@=\dimen109
\tagwidth@=\dimen110
\totwidth@=\dimen111
\lineht@=\dimen112
\@envbody=\toks17
\multlinegap=\skip43
\multlinetaggap=\skip44
\mathdisplay@stack=\toks18
LaTeX Info: Redefining \[ on input line 2735.
LaTeX Info: Redefining \] on input line 2736.
)
LaTeX Font Info:    Try loading font information for U+msa on input line 388.

(/usr/share/texlive/texmf-dist/tex/latex/amsfonts/umsa.fd
File: umsa.fd 2013/01/14 v3.01 AMS symbols A
)
(/usr/share/texlive/texmf-dist/tex/latex/amsfonts/amsfonts.sty
Package: amsfonts 2013/01/14 v3.01 Basic AMSFonts support
\symAMSa=\mathgroup4
\symAMSb=\mathgroup5
LaTeX Font Info:    Overwriting math alphabet `\mathfrak' in version `bold'
(Font)                  U/euf/m/n --> U/euf/b/n on input line 106.
)
\copyins=\insert199
\abstractbox=\box28
\listisep=\skip45
\c@part=\count91
\c@section=\count92
\c@subsection=\count93
\c@subsubsection=\count94
\c@paragraph=\count95
\c@subparagraph=\count96
\c@figure=\count97
\c@table=\count98
\abovecaptionskip=\skip46
\belowcaptionskip=\skip47
\captionindent=\dimen113
\thm@style=\toks19
\thm@bodyfont=\toks20
\thm@headfont=\toks21
\thm@notefont=\toks22
\thm@headpunct=\toks23
\thm@preskip=\skip48
\thm@postskip=\skip49
\thm@headsep=\skip50
\dth@everypar=\toks24
)
(/usr/share/texlive/texmf-dist/tex/latex/amsfonts/amssymb.sty
Package: amssymb 2013/01/14 v3.01 AMS font symbols
)
(/usr/share/texlive/texmf-dist/tex/latex/comment/comment.sty
\CommentStream=\write3

Excluding comment 'comment')
(/usr/share/texlive/texmf-dist/tex/latex/graphics/epsfig.sty
Package: epsfig 1999/02/16 v1.7a (e)psfig emulation (SPQR)

(/usr/share/texlive/texmf-dist/tex/latex/graphics/graphicx.sty
Package: graphicx 2014/10/28 v1.0g Enhanced LaTeX Graphics (DPC,SPQR)

(/usr/share/texlive/texmf-dist/tex/latex/graphics/keyval.sty
Package: keyval 2014/10/28 v1.15 key=value parser (DPC)
\KV@toks@=\toks25
)
(/usr/share/texlive/texmf-dist/tex/latex/graphics/graphics.sty
Package: graphics 2016/01/03 v1.0q Standard LaTeX Graphics (DPC,SPQR)

(/usr/share/texlive/texmf-dist/tex/latex/graphics/trig.sty
Package: trig 2016/01/03 v1.10 sin cos tan (DPC)
)
(/usr/share/texlive/texmf-dist/tex/latex/latexconfig/graphics.cfg
File: graphics.cfg 2010/04/23 v1.9 graphics configuration of TeX Live
)
Package graphics Info: Driver file: xetex.def on input line 95.

(/usr/share/texlive/texmf-dist/tex/xelatex/xetex-def/xetex.def
File: xetex.def 2015/09/11 v4.06 LaTeX color/graphics driver for XeTeX (TeX Liv
e/RRM/JK)

(/usr/share/texlive/texmf-dist/tex/generic/oberdiek/infwarerr.sty
Package: infwarerr 2010/04/08 v1.3 Providing info/warning/error messages (HO)
)
(/usr/share/texlive/texmf-dist/tex/generic/oberdiek/ltxcmds.sty
Package: ltxcmds 2011/11/09 v1.22 LaTeX kernel commands for general use (HO)
)))
\Gin@req@height=\dimen114
\Gin@req@width=\dimen115
)
\epsfxsize=\dimen116
\epsfysize=\dimen117
)
(/usr/share/texlive/texmf-dist/tex/latex/psfrag/psfrag.sty
Package: psfrag 1998/04/11 v3.04 PSfrag (MCG)
\pfg@pcount=\count99
\pfg@scount=\count100
\pfg@temp=\write4
)
(/usr/share/texlive/texmf-dist/tex/latex/float/float.sty
Package: float 2001/11/08 v1.3d Float enhancements (AL)
\c@float@type=\count101
\float@exts=\toks26
\float@box=\box29
\@float@everytoks=\toks27
\@floatcapt=\box30
)
(/usr/share/texlive/texmf-dist/tex/latex/jknapltx/mathrsfs.sty
Package: mathrsfs 1996/01/01 Math RSFS package v1.0 (jk)
\symrsfs=\mathgroup6
)
(/usr/share/texlive/texmf-dist/tex/latex/amsmath/amscd.sty
Package: amscd 1999/11/29 v2.0 AMS Commutatitive Diagrams
\athelp@=\toks28
\minaw@=\dimen118
\bigaw@=\dimen119
\minCDarrowwidth=\dimen120
)
(/usr/share/texlive/texmf-dist/tex/latex/graphics/color.sty
Package: color 2016/01/03 v1.1b Standard LaTeX Color (DPC)

(/usr/share/texlive/texmf-dist/tex/latex/latexconfig/color.cfg
File: color.cfg 2007/01/18 v1.5 color configuration of teTeX/TeXLive
)
Package color Info: Driver file: xetex.def on input line 143.
)
(/usr/share/texlive/texmf-dist/tex/generic/xypic/xy.sty
(/usr/share/texlive/texmf-dist/tex/generic/xypic/xy.tex Bootstrap'ing:
catcodes, docmode, (/usr/share/texlive/texmf-dist/tex/generic/xypic/xyrecat.tex
) (/usr/share/texlive/texmf-dist/tex/generic/xypic/xyidioms.tex)

 Xy-pic version 3.8.9 <2013/10/06>
 Copyright (c) 1991-2013 by Kristoffer H. Rose <krisrose@tug.org> and others
 Xy-pic is free software: see the User's Guide for details.

Loading kernel: messages; fonts; allocations: state,
\X@c=\dimen121
\Y@c=\dimen122
\U@c=\dimen123
\D@c=\dimen124
\L@c=\dimen125
\R@c=\dimen126
\Edge@c=\toks29
\X@p=\dimen127
\Y@p=\dimen128
\U@p=\dimen129
\D@p=\dimen130
\L@p=\dimen131
\R@p=\dimen132
\Edge@p=\toks30
\X@origin=\dimen133
\Y@origin=\dimen134
\X@xbase=\dimen135
\Y@xbase=\dimen136
\X@ybase=\dimen137
\Y@ybase=\dimen138
\X@min=\dimen139
\Y@min=\dimen140
\X@max=\dimen141
\Y@max=\dimen142
\lastobjectbox@=\box31
\zerodotbox@=\box32
\almostz@=\dimen143
 direction,
\d@X=\dimen144
\d@Y=\dimen145
\K@=\count102
\KK@=\count103
\Direction=\count104
\K@dXdY=\dimen146
\K@dYdX=\dimen147
\xyread@=\read1
\xywrite@=\write5
\csp@=\count105
\quotPTK@=\dimen148

utility macros; pictures: \xy, positions,
\swaptoks@@=\toks31
\connectobjectbox@@=\box33
 objects,
\styletoks@=\toks32
 decorations;
kernel objects: directionals, circles, text; options; algorithms: directions,
edges, connections;  Xy-pic loaded)
(/usr/share/texlive/texmf-dist/tex/generic/oberdiek/ifpdf.sty
Package: ifpdf 2011/01/30 v2.3 Provides the ifpdf switch (HO)
Package ifpdf Info: pdfTeX in PDF mode is not detected.
)
Package: xy 2013/10/06 Xy-pic version 3.8.9

(/usr/share/texlive/texmf-dist/tex/generic/xypic/xyall.tex
 Xy-pic option: All features v.3.8
(/usr/share/texlive/texmf-dist/tex/generic/xypic/xycurve.tex
 Xy-pic option: Curve and Spline extension v.3.12 curve,
\crv@cnt@=\count106
\crvpts@=\toks33
\splinebox@=\box34
\splineval@=\dimen149
\splinedepth@=\dimen150
\splinetol@=\dimen151
\splinelength@=\dimen152
 circles,
\L@=\dimen153
 loaded)
(/usr/share/texlive/texmf-dist/tex/generic/xypic/xyframe.tex
 Xy-pic option: Frame and Bracket extension v.3.14 loaded)
(/usr/share/texlive/texmf-dist/tex/generic/xypic/xycmtip.tex
 Xy-pic option: Computer Modern tip extension v.3.7
(/usr/share/texlive/texmf-dist/tex/generic/xypic/xytips.tex
 Xy-pic option: More Tips extension v.3.11 loaded) loaded)
(/usr/share/texlive/texmf-dist/tex/generic/xypic/xyline.tex
 Xy-pic option: Line styles extension v.3.10
\xylinethick@=\dimen154
 loaded)
(/usr/share/texlive/texmf-dist/tex/generic/xypic/xyrotate.tex
 Xy-pic option: Rotate and Scale extension v.3.8 loaded)
(/usr/share/texlive/texmf-dist/tex/generic/xypic/xycolor.tex
 Xy-pic option: Colour extension v.3.11 loaded)
(/usr/share/texlive/texmf-dist/tex/generic/xypic/xymatrix.tex
 Xy-pic option: Matrix feature v.3.14
\Row=\count107
\Col=\count108
\queue@=\toks34
\queue@@=\toks35
\qcount@=\count109
\qcount@@=\count110
\matrixsize@=\count111
 loaded)
(/usr/share/texlive/texmf-dist/tex/generic/xypic/xyarrow.tex
 Xy-pic option: Arrow and Path feature v.3.9 path, \ar, loaded)
(/usr/share/texlive/texmf-dist/tex/generic/xypic/xygraph.tex
 Xy-pic option: Graph feature v.3.11 loaded) loaded))
(/usr/share/texlive/texmf-dist/tex/latex/rotating/rotating.sty
Package: rotating 2009/03/28 v2.16a rotated objects in LaTeX

(/usr/share/texlive/texmf-dist/tex/latex/base/ifthen.sty
Package: ifthen 2014/09/29 v1.1c Standard LaTeX ifthen package (DPC)
)
\c@r@tfl@t=\count112
\rotFPtop=\skip51
\rotFPbot=\skip52
\rot@float@box=\box35
\rot@mess@toks=\toks36
)
(/usr/share/texlive/texmf-dist/tex/latex/graphics/lscape.sty
Package: lscape 2000/10/22 v3.01 Landscape Pages (DPC)
)
(/usr/share/texlive/texmf-dist/tex/latex/tools/verbatim.sty
Package: verbatim 2014/10/28 v1.5q LaTeX2e package for verbatim enhancements
\every@verbatim=\toks37
\verbatim@line=\toks38
\verbatim@in@stream=\read2
)
(/usr/share/texlive/texmf-dist/tex/latex/moreverb/moreverb.sty
Package: moreverb 2008/06/03 v2.3a `more' verbatim facilities
\tab@position=\count113
\tab@size=\count114
\listing@line=\count115
)
(/usr/share/texlive/texmf-dist/tex/latex/setspace/setspace.sty
Package: setspace 2011/12/19 v6.7a set line spacing
)
(/usr/share/texlive/texmf-dist/tex/latex/hyperref/hyperref.sty
Package: hyperref 2012/11/06 v6.83m Hypertext links for LaTeX

(/usr/share/texlive/texmf-dist/tex/generic/oberdiek/hobsub-hyperref.sty
Package: hobsub-hyperref 2012/05/28 v1.13 Bundle oberdiek, subset hyperref (HO)


(/usr/share/texlive/texmf-dist/tex/generic/oberdiek/hobsub-generic.sty
Package: hobsub-generic 2012/05/28 v1.13 Bundle oberdiek, subset generic (HO)
Package: hobsub 2012/05/28 v1.13 Construct package bundles (HO)
Package hobsub Info: Skipping package `infwarerr' (already loaded).
Package hobsub Info: Skipping package `ltxcmds' (already loaded).
Package: ifluatex 2010/03/01 v1.3 Provides the ifluatex switch (HO)
Package ifluatex Info: LuaTeX not detected.
Package: ifvtex 2010/03/01 v1.5 Detect VTeX and its facilities (HO)
Package ifvtex Info: VTeX not detected.
Package: intcalc 2007/09/27 v1.1 Expandable calculations with integers (HO)
Package hobsub Info: Skipping package `ifpdf' (already loaded).
Package: etexcmds 2011/02/16 v1.5 Avoid name clashes with e-TeX commands (HO)
Package etexcmds Info: Could not find \expanded.
(etexcmds)             That can mean that you are not using pdfTeX 1.50 or
(etexcmds)             that some package has redefined \expanded.
(etexcmds)             In the latter case, load this package earlier.
Package: kvsetkeys 2012/04/25 v1.16 Key value parser (HO)
Package: kvdefinekeys 2011/04/07 v1.3 Define keys (HO)
Package: pdftexcmds 2011/11/29 v0.20 Utility functions of pdfTeX for LuaTeX (HO
)
Package pdftexcmds Info: LuaTeX not detected.
Package pdftexcmds Info: pdfTeX >= 1.30 not detected.
Package pdftexcmds Info: \pdf@primitive is available.
Package pdftexcmds Info: \pdf@ifprimitive is available.
Package pdftexcmds Info: \pdfdraftmode not found.
Package: pdfescape 2011/11/25 v1.13 Implements pdfTeX's escape features (HO)
Package: bigintcalc 2012/04/08 v1.3 Expandable calculations on big integers (HO
)
Package: bitset 2011/01/30 v1.1 Handle bit-vector datatype (HO)
Package: uniquecounter 2011/01/30 v1.2 Provide unlimited unique counter (HO)
)
Package hobsub Info: Skipping package `hobsub' (already loaded).
Package: letltxmacro 2010/09/02 v1.4 Let assignment for LaTeX macros (HO)
Package: hopatch 2012/05/28 v1.2 Wrapper for package hooks (HO)
Package: xcolor-patch 2011/01/30 xcolor patch
Package: atveryend 2011/06/30 v1.8 Hooks at the very end of document (HO)
Package atveryend Info: \enddocument detected (standard20110627).
Package: atbegshi 2011/10/05 v1.16 At begin shipout hook (HO)
Package: refcount 2011/10/16 v3.4 Data extraction from label references (HO)
Package: hycolor 2011/01/30 v1.7 Color options for hyperref/bookmark (HO)
)
(/usr/share/texlive/texmf-dist/tex/generic/ifxetex/ifxetex.sty
Package: ifxetex 2010/09/12 v0.6 Provides ifxetex conditional
)
(/usr/share/texlive/texmf-dist/tex/latex/oberdiek/auxhook.sty
Package: auxhook 2011/03/04 v1.3 Hooks for auxiliary files (HO)
)
(/usr/share/texlive/texmf-dist/tex/latex/oberdiek/kvoptions.sty
Package: kvoptions 2011/06/30 v3.11 Key value format for package options (HO)
)
\@linkdim=\dimen155
\Hy@linkcounter=\count116
\Hy@pagecounter=\count117

(/usr/share/texlive/texmf-dist/tex/latex/hyperref/pd1enc.def
File: pd1enc.def 2012/11/06 v6.83m Hyperref: PDFDocEncoding definition (HO)
)
\Hy@SavedSpaceFactor=\count118

(/usr/share/texlive/texmf-dist/tex/latex/latexconfig/hyperref.cfg
File: hyperref.cfg 2002/06/06 v1.2 hyperref configuration of TeXLive
)
Package hyperref Info: Hyper figures OFF on input line 4443.
Package hyperref Info: Link nesting OFF on input line 4448.
Package hyperref Info: Hyper index ON on input line 4451.
Package hyperref Info: Plain pages OFF on input line 4458.
Package hyperref Info: Backreferencing OFF on input line 4463.
Package hyperref Info: Implicit mode ON; LaTeX internals redefined.
Package hyperref Info: Bookmarks ON on input line 4688.
\c@Hy@tempcnt=\count119

(/usr/share/texlive/texmf-dist/tex/latex/url/url.sty
\Urlmuskip=\muskip11
Package: url 2013/09/16  ver 3.4  Verb mode for urls, etc.
)
LaTeX Info: Redefining \url on input line 5041.
\XeTeXLinkMargin=\dimen156
\Fld@menulength=\count120
\Field@Width=\dimen157
\Fld@charsize=\dimen158
Package hyperref Info: Hyper figures OFF on input line 6295.
Package hyperref Info: Link nesting OFF on input line 6300.
Package hyperref Info: Hyper index ON on input line 6303.
Package hyperref Info: backreferencing OFF on input line 6310.
Package hyperref Info: Link coloring OFF on input line 6315.
Package hyperref Info: Link coloring with OCG OFF on input line 6320.
Package hyperref Info: PDF/A mode OFF on input line 6325.
LaTeX Info: Redefining \ref on input line 6365.
LaTeX Info: Redefining \pageref on input line 6369.
\Hy@abspage=\count121
\c@Item=\count122
\c@Hfootnote=\count123
)

Package hyperref Message: Driver (autodetected): hxetex.

(/usr/share/texlive/texmf-dist/tex/latex/hyperref/hxetex.def
File: hxetex.def 2012/11/06 v6.83m Hyperref driver for XeTeX

(/usr/share/texlive/texmf-dist/tex/latex/hyperref/puenc.def
File: puenc.def 2012/11/06 v6.83m Hyperref: PDF Unicode definition (HO)
)
(/usr/share/texlive/texmf-dist/tex/generic/oberdiek/stringenc.sty
Package: stringenc 2011/12/02 v1.10 Convert strings between diff. encodings (HO
)
)
\pdfm@box=\box36
\c@Hy@AnnotLevel=\count124
\HyField@AnnotCount=\count125
\Fld@listcount=\count126
\c@bookmark@seq@number=\count127

(/usr/share/texlive/texmf-dist/tex/latex/oberdiek/rerunfilecheck.sty
Package: rerunfilecheck 2011/04/15 v1.7 Rerun checks for auxiliary files (HO)
Package rerunfilecheck Info: Feature \pdfmdfivesum is not available
(rerunfilecheck)             (e.g. pdfTeX or LuaTeX with package `pdftexcmds').

(rerunfilecheck)             Therefore file contents cannot be checked efficien
tly
(rerunfilecheck)             and the loading of the package is aborted.
)
\Hy@SectionHShift=\skip53
)
(/usr/share/texlive/texmf-dist/tex/latex/amsfonts/eucal.sty
Package: eucal 2009/06/22 v3.00 Euler Script fonts
LaTeX Font Info:    Overwriting math alphabet `\EuScript' in version `bold'
(Font)                  U/eus/m/n --> U/eus/b/n on input line 33.
)

Package amsthm Warning: Unknown theoremstyle `theorem' on input line 66.

\c@theorem=\count128
(/usr/share/texlive/texmf-dist/tex/latex/fancyhdr/fancyhdr.sty
\fancy@headwidth=\skip54
\f@ncyO@elh=\skip55
\f@ncyO@erh=\skip56
\f@ncyO@olh=\skip57
\f@ncyO@orh=\skip58
\f@ncyO@elf=\skip59
\f@ncyO@erf=\skip60
\f@ncyO@olf=\skip61
\f@ncyO@orf=\skip62
)
(./18-905-notes.aux)
\openout1 = `18-905-notes.aux'.

LaTeX Font Info:    Checking defaults for OML/cmm/m/it on input line 189.
LaTeX Font Info:    ... okay on input line 189.
LaTeX Font Info:    Checking defaults for T1/cmr/m/n on input line 189.
LaTeX Font Info:    ... okay on input line 189.
LaTeX Font Info:    Checking defaults for OT1/cmr/m/n on input line 189.
LaTeX Font Info:    ... okay on input line 189.
LaTeX Font Info:    Checking defaults for OMS/cmsy/m/n on input line 189.
LaTeX Font Info:    ... okay on input line 189.
LaTeX Font Info:    Checking defaults for OMX/cmex/m/n on input line 189.
LaTeX Font Info:    ... okay on input line 189.
LaTeX Font Info:    Checking defaults for U/cmr/m/n on input line 189.
LaTeX Font Info:    ... okay on input line 189.
LaTeX Font Info:    Checking defaults for PD1/pdf/m/n on input line 189.
LaTeX Font Info:    ... okay on input line 189.
LaTeX Font Info:    Checking defaults for PU/pdf/m/n on input line 189.
LaTeX Font Info:    ... okay on input line 189.
LaTeX Font Info:    Try loading font information for U+msa on input line 189.
 (/usr/share/texlive/texmf-dist/tex/latex/amsfonts/umsa.fd
File: umsa.fd 2013/01/14 v3.01 AMS symbols A
)
LaTeX Font Info:    Try loading font information for U+msb on input line 189.
(/usr/share/texlive/texmf-dist/tex/latex/amsfonts/umsb.fd
File: umsb.fd 2013/01/14 v3.01 AMS symbols B
)
LaTeX Font Info:    Try loading font information for U+rsfs on input line 189.

(/usr/share/texlive/texmf-dist/tex/latex/jknapltx/ursfs.fd
File: ursfs.fd 1998/03/24 rsfs font definition file (jk)
)
\AtBeginShipoutBox=\box37
Package hyperref Info: Link coloring OFF on input line 189.

(/usr/share/texlive/texmf-dist/tex/latex/hyperref/nameref.sty
Package: nameref 2012/10/27 v2.43 Cross-referencing by name of section

(/usr/share/texlive/texmf-dist/tex/generic/oberdiek/gettitlestring.sty
Package: gettitlestring 2010/12/03 v1.4 Cleanup title references (HO)
)
\c@section@level=\count129
)
LaTeX Info: Redefining \ref on input line 189.
LaTeX Info: Redefining \pageref on input line 189.
LaTeX Info: Redefining \nameref on input line 189.

(./18-905-notes.out) (./18-905-notes.out)
\@outlinefile=\write6
\openout6 = `18-905-notes.out'.



Package hyperref Warning: Rerun to get /PageLabels entry.


Class amsart Warning: Abstract should precede \maketitle in AMS document classe
s; reported on input line 194.


Package hyperref Warning: old toc file detected, not used; run LaTeX again.

\tf@toc=\write7
\openout7 = `18-905-notes.toc'.

(/usr/share/texlive/texmf-dist/tex/generic/oberdiek/se-ascii-print.def
File: se-ascii-print.def 2011/12/02 v1.10 stringenc: Printable ASCII characters

)
[1]

Package Fancyhdr Warning: \headheight is too small (8.0pt): 
 Make it at least 12.0pt.
 We now make it that large for the rest of the document.
 This may cause the page layout to be inconsistent, however.

[2] <xymatrix 3x3 249>
Overfull \hbox (11.30612pt too wide) detected at line 250
[]
 []

[3]
Overfull \hbox (26.11131pt too wide) in paragraph at lines 262--264
\OT1/cmr/m/n/10 bound-aries are the same as the cy-cles ex-cept for di-men-sion
 zero, namely as $0\OML/cmm/m/it/10 ; \OT1/cmr/bx/n/10 Z\OML/cmm/m/it/10 ; \OT1
/cmr/m/n/10 0\OML/cmm/m/it/10 ; \OT1/cmr/bx/n/10 Z\OML/cmm/m/it/10 ; \OT1/cmr/m
/n/10 0\OML/cmm/m/it/10 ; [] $\OT1/cmr/m/n/10 .
 []

<xymatrix 2x2 182> [4] <xymatrix 2x2 182> [5] [6] <xymatrix 2x2 154> [7]
<xymatrix 2x3 395> [8] [9]
Overfull \hbox (73.08904pt too wide) detected at line 457
\OML/cmm/m/it/10 @\OT1/cmr/m/n/10 ((\OML/cmm/m/it/10 @^^S[]\OT1/cmr/m/n/10 ) \O
MS/cmsy/m/n/10 ^^B \OML/cmm/m/it/10 ^^S[] \OT1/cmr/m/n/10 + (\OMS/cmsy/m/n/10 ^
^@\OT1/cmr/m/n/10 1)[]\OML/cmm/m/it/10 ^^S[] \OMS/cmsy/m/n/10 ^^B \OML/cmm/m/it
/10 @^^S[]\OT1/cmr/m/n/10 ) = \OML/cmm/m/it/10 @[]\OT1/cmr/m/n/10 (\OML/cmm/m/i
t/10 ^^S[]\OT1/cmr/m/n/10 ) \OMS/cmsy/m/n/10 ^^B \OML/cmm/m/it/10 ^^S[] \OT1/cm
r/m/n/10 + (\OMS/cmsy/m/n/10 ^^@\OT1/cmr/m/n/10 1)[](\OML/cmm/m/it/10 @^^S[]\OT
1/cmr/m/n/10 ) \OMS/cmsy/m/n/10 ^^B \OT1/cmr/m/n/10 (\OML/cmm/m/it/10 @^^S[]\OT
1/cmr/m/n/10 ) + (\OMS/cmsy/m/n/10 ^^@\OT1/cmr/m/n/10 1)[](\OML/cmm/m/it/10 @^^
S[]\OT1/cmr/m/n/10 ) \OMS/cmsy/m/n/10 ^^B \OT1/cmr/m/n/10 (\OML/cmm/m/it/10 @^^
S[]\OT1/cmr/m/n/10 ) + (\OMS/cmsy/m/n/10 ^^@\OT1/cmr/m/n/10 1)[]\OML/cmm/m/it/1
0 ^^S[] \OMS/cmsy/m/n/10 ^^B \OML/cmm/m/it/10 @[]^^S[] \OT1/cmr/m/n/10 = 0
 []

[10] [11] <xymatrix 2x3 231>
Underfull \vbox (badness 1910) has occurred while \output is active []

 [12]
[13] <xymatrix 3x3 256> [14] <xymatrix 5x2 484> <xymatrix 5x2 575> [15]
<xymatrix 5x3 758> <xymatrix 4x4 313>
Underfull \vbox (badness 5563) has occurred while \output is active []

 [16]
<xymatrix 5x3 758>
File: math-family.jpg Graphic file (type QTm)
 <use  "math-family.jpg" >
Underfull \vbox (badness 10000) has occurred while \output is active []

 [17]
[18] <xymatrix 4x4 313>
Overfull \hbox (13.1382pt too wide) in paragraph at lines 693--694
\OT1/cmr/m/n/10 Then $\OML/cmm/m/it/10 H[]\OT1/cmr/m/n/10 (\OML/cmm/m/it/10 D[]
; S[]\OT1/cmr/m/n/10 ) [] \OML/cmm/m/it/10 H[]\OT1/cmr/m/n/10 (\OML/cmm/m/it/10
 S[]\OT1/cmr/m/n/10 )$. The propo-si-tion says that $\OML/cmm/m/it/10 H[]\OT1/c
mr/m/n/10 (\OML/cmm/m/it/10 S[]\OT1/cmr/m/n/10 ) [] \OML/cmm/m/it/10 H[]\OT1/cm
r/m/n/10 (\OML/cmm/m/it/10 S[]\OT1/cmr/m/n/10 )$.
 []


Overfull \hbox (31.28455pt too wide) in paragraph at lines 693--694
\OT1/cmr/m/n/10 But we also have the bound-ary map $\OML/cmm/m/it/10 @ \OT1/cmr
/m/n/10 : \OML/cmm/m/it/10 H[]\OT1/cmr/m/n/10 (\OML/cmm/m/it/10 D[]; S[]\OT1/cm
r/m/n/10 ) [] \OML/cmm/m/it/10 H[]\OT1/cmr/m/n/10 (\OML/cmm/m/it/10 S[]\OT1/cmr
/m/n/10 )$, i.e., $\OML/cmm/m/it/10 H[]\OT1/cmr/m/n/10 (\OML/cmm/m/it/10 D[]; S
[]\OT1/cmr/m/n/10 ) []
 []


Overfull \hbox (6.36302pt too wide) in paragraph at lines 697--698
[]\OT1/cmr/m/n/10 We want to com-pare $\OML/cmm/m/it/10 H[]\OT1/cmr/m/n/10 (\OM
L/cmm/m/it/10 D[]; S[]\OT1/cmr/m/n/10 )$ and $\OML/cmm/m/it/10 H[]\OT1/cmr/m/n/
10 (\OML/cmm/m/it/10 D[]=S[]; \OMS/cmsy/m/n/10 ^^C\OT1/cmr/m/n/10 )$. We'll
 []

[19]

Package hyperref Warning: Token not allowed in a PDF string (Unicode):
(hyperref)                removing `math shift' on input line 738.


Package hyperref Warning: Token not allowed in a PDF string (Unicode):
(hyperref)                removing `subscript' on input line 738.


Package hyperref Warning: Token not allowed in a PDF string (Unicode):
(hyperref)                removing `\ast' on input line 738.


Package hyperref Warning: Token not allowed in a PDF string (Unicode):
(hyperref)                removing `superscript' on input line 738.


Package hyperref Warning: Token not allowed in a PDF string (Unicode):
(hyperref)                removing `math shift' on input line 738.


Overfull \hbox (2.73517pt too wide) in paragraph at lines 740--741
[][]\OT1/cmr/bx/n/10 Theorem 11.1. []\OT1/cmr/m/it/10 Let $\OML/cmm/m/it/10 n \
OMS/cmsy/m/n/10 ^^U \OT1/cmr/m/n/10 1$\OT1/cmr/m/it/10 . There is a sur-jec-tiv
e monoid ho-mo-mor-phism $\OT1/cmr/m/n/10 [\OML/cmm/m/it/10 S[]; S[]\OT1/cmr/m/
n/10 ] \OMS/cmsy/m/n/10 !
 []

[20] <xymatrix 3x2 271> <xymatrix 5x2 423> <xymatrix 5x4 809> [21]
LaTeX Font Info:    Try loading font information for U+eus on input line 781.

(/usr/share/texlive/texmf-dist/tex/latex/amsfonts/ueus.fd
File: ueus.fd 2013/01/14 v3.01 Euler Script
) <xymatrix 5x2 423>
Overfull \hbox (73.64445pt too wide) detected at line 796
[]
 []

<xymatrix 2x2 182> [22] <xymatrix 5x3 518> <xymatrix 3x3 290> [23] [24]
[25] [26] [27] <xymatrix 2x2 168> <xymatrix 3x3 311> <xymatrix 2x2 100>
<xymatrix 2x2 168> [28] <xymatrix 2x2 168> <xymatrix 2x2 168> <xymatrix 2x2
168> <xymatrix 2x2 168> <xymatrix 2x2 168> <xymatrix 2x2 168> [29] <xymatrix
2x2 168> <xymatrix 2x2 168> [30] <xymatrix 2x2 168>
Overfull \hbox (6.01462pt too wide) in paragraph at lines 1093--1094
[][]\OT1/cmr/bx/n/10 Example 15.3. []\OT1/cmr/m/n/10 The $\OML/cmm/m/it/10 n$\O
T1/cmr/m/n/10 -sphere $\OML/cmm/m/it/10 S[]$\OT1/cmr/m/n/10 . Let $[][](\OML/cm
m/m/it/10 S[]\OT1/cmr/m/n/10 ) = \OMS/cmsy/m/n/10 ^^C \OT1/cmr/m/n/10 = [][](\O
ML/cmm/m/it/10 S[]\OT1/cmr/m/n/10 ) = [] = [][](\OML/cmm/m/it/10 S[]\OT1/cmr/m/
n/10 ) \OMS/cmsy/m/n/10 ^^R
 []

<xymatrix 2x2 154> <xymatrix 2x2 154> [31] <xymatrix 5x2 416> <xymatrix 4x2
237> <xymatrix 3x2 271> <xymatrix 3x2 271> [32] <xymatrix 3x3 242> <xymatrix
2x2 154> [33] <xymatrix 4x3 420> <xymatrix 6x3 432>
Overfull \hbox (101.01717pt too wide) detected at line 1200
[]
 []


Overfull \hbox (7.69325pt too wide) in paragraph at lines 1200--1202
\OT1/cmr/m/n/10 So the first maps ($\OML/cmm/m/it/10 H[]\OT1/cmr/m/n/10 (\OML/c
mm/m/it/10 X[]\OT1/cmr/m/n/10 ) \OMS/cmsy/m/n/10 ! \OML/cmm/m/it/10 H[]\OT1/cmr
/m/n/10 (\OML/cmm/m/it/10 X[]\OT1/cmr/m/n/10 ) \OMS/cmsy/m/n/10 ! [] $\OT1/cmr/
m/n/10 ) are iso-mor-phisms, the map $\OML/cmm/m/it/10 H[]\OT1/cmr/m/n/10 (\OML
/cmm/m/it/10 X[]\OT1/cmr/m/n/10 ) \OMS/cmsy/m/n/10 !
 []

<xymatrix 3x4 390>
Overfull \hbox (76.17131pt too wide) detected at line 1214
[]
 []

[34] <xymatrix 2x2 154> <xymatrix 6x2 427> <xymatrix 3x2 299>
Overfull \hbox (12.63701pt too wide) detected at line 1240
[]
 []

<xymatrix 3x2 172> [35] <xymatrix 8x1 300>

Package hyperref Warning: Token not allowed in a PDF string (Unicode):
(hyperref)                removing `math shift' on input line 1252.


Package hyperref Warning: Token not allowed in a PDF string (Unicode):
(hyperref)                removing `superscript' on input line 1252.


Package hyperref Warning: Token not allowed in a PDF string (Unicode):
(hyperref)                removing `math shift' on input line 1252.

<xymatrix 2x2 175> <xymatrix 2x2 120> [36] <xymatrix 2x3 244>
Overfull \hbox (21.19002pt too wide) detected at line 1288
[]
 []

<xymatrix 6x4 549>
Overfull \hbox (55.78487pt too wide) detected at line 1299
[]
 []

[37] <xymatrix 2x2 154>

Package hyperref Warning: Token not allowed in a PDF string (Unicode):
(hyperref)                removing `math shift' on input line 1340.


Package hyperref Warning: Token not allowed in a PDF string (Unicode):
(hyperref)                removing `superscript' on input line 1340.


Package hyperref Warning: Token not allowed in a PDF string (Unicode):
(hyperref)                removing `math shift' on input line 1340.

<xymatrix 4x3 538>
Overfull \hbox (106.8215pt too wide) detected at line 1346
[]
 []


Underfull \vbox (badness 10000) has occurred while \output is active []

 [38]
<xymatrix 3x2 131>
Overfull \hbox (20.33038pt too wide) in paragraph at lines 1354--1355
[]\OT1/cmr/m/n/10 Before, I coyly said be-fore that there is a monoid ho-mo-mor
-phism $[] : [\OML/cmm/m/it/10 S[]; S[]\OT1/cmr/m/n/10 ] \OMS/cmsy/m/n/10 !
 []


Package hyperref Warning: Token not allowed in a PDF string (Unicode):
(hyperref)                removing `math shift' on input line 1356.


Package hyperref Warning: Token not allowed in a PDF string (Unicode):
(hyperref)                removing `superscript' on input line 1356.


Package hyperref Warning: Token not allowed in a PDF string (Unicode):
(hyperref)                removing `math shift' on input line 1356.

<xymatrix 2x2 161> <xymatrix 9x1 310>
Overfull \hbox (94.56523pt too wide) detected at line 1364
[]
 []

<xymatrix 3x2 210> [39] <xymatrix 8x1 307>
Overfull \hbox (49.78865pt too wide) detected at line 1377
[]
 []

<xymatrix 8x1 307>
Overfull \hbox (49.78865pt too wide) detected at line 1381
[]
 []

[40] [41] <xymatrix 2x2 161> <xymatrix 2x2 161> [42]
Overfull \hbox (7.13437pt too wide) in paragraph at lines 1463--1464
\OT1/cmr/m/n/10 tion by $2$, how-ever, is an iso-mor-phism. So, $\OML/cmm/m/it/
10 H[]\OT1/cmr/m/n/10 ([][]; \OT1/cmr/bx/n/10 Z\OT1/cmr/m/n/10 [[]]) = []$.
 []


Underfull \vbox (badness 10000) has occurred while \output is active []

 [43]

Package hyperref Warning: Token not allowed in a PDF string (Unicode):
(hyperref)                removing `math shift' on input line 1477.


Package hyperref Warning: Token not allowed in a PDF string (Unicode):
(hyperref)                removing `\bigotimes@' on input line 1477.


Package hyperref Warning: Token not allowed in a PDF string (Unicode):
(hyperref)                removing `\slimits@' on input line 1477.


Package hyperref Warning: Token not allowed in a PDF string (Unicode):
(hyperref)                removing `math shift' on input line 1477.

<xymatrix 2x2 141> <xymatrix 3x2 149> [44] <xymatrix 2x3 142> <xymatrix 2x3
190>
Underfull \vbox (badness 1755) has occurred while \output is active []

 [45]
<xymatrix 2x3 190> <xymatrix 2x3 190> <xymatrix 2x2 209> <xymatrix 2x3 347>
[46] [47]

Package hyperref Warning: Token not allowed in a PDF string (Unicode):
(hyperref)                removing `math shift' on input line 1577.


Package hyperref Warning: Token not allowed in a PDF string (Unicode):
(hyperref)                removing `\otimes' on input line 1577.


Package hyperref Warning: Token not allowed in a PDF string (Unicode):
(hyperref)                removing `subscript' on input line 1577.


Package hyperref Warning: Token not allowed in a PDF string (Unicode):
(hyperref)                removing `math shift' on input line 1577.

<xymatrix 2x2 182> <xymatrix 3x2 231> <xymatrix 2x2 182> <xymatrix 2x2 123>
<xymatrix 2x2 216> [48] <xymatrix 3x2 172> <xymatrix 2x2 130> [49] <xymatrix
3x2 196> <xymatrix 4x2 241>
Overfull \hbox (43.59276pt too wide) detected at line 1651
[]
 []

<xymatrix 3x2 196> <xymatrix 4x2 234> [50] <xymatrix 9x3 690> <xymatrix 5x2
212>

Package hyperref Warning: Token not allowed in a PDF string (Unicode):
(hyperref)                removing `math shift' on input line 1679.


Package hyperref Warning: Token not allowed in a PDF string (Unicode):
(hyperref)                removing `\mathop' on input line 1679.


Package hyperref Warning: Token not allowed in a PDF string (Unicode):
(hyperref)                removing `\mathcode' on input line 1679.


Package hyperref Warning: Token not allowed in a PDF string (Unicode):
(hyperref)                removing `\mathcode' on input line 1679.


Package hyperref Warning: Token not allowed in a PDF string (Unicode):
(hyperref)                removing `\mathcode' on input line 1679.


Package hyperref Warning: Token not allowed in a PDF string (Unicode):
(hyperref)                removing `\mathchardef' on input line 1679.


Package hyperref Warning: Token not allowed in a PDF string (Unicode):
(hyperref)                removing `\std@minus' on input line 1679.


Package hyperref Warning: Token not allowed in a PDF string (Unicode):
(hyperref)                removing `\mathcode' on input line 1679.


Package hyperref Warning: Token not allowed in a PDF string (Unicode):
(hyperref)                removing `\mathcode' on input line 1679.


Package hyperref Warning: Token not allowed in a PDF string (Unicode):
(hyperref)                removing `\mathcode' on input line 1679.


Package hyperref Warning: Token not allowed in a PDF string (Unicode):
(hyperref)                removing `\mathcode' on input line 1679.


Package hyperref Warning: Token not allowed in a PDF string (Unicode):
(hyperref)                \kern 2.22198pt
(hyperref)                removed on input line 1679.


Package hyperref Warning: Token not allowed in a PDF string (Unicode):
(hyperref)                removing `\mathgroup' on input line 1679.


Package hyperref Warning: Token not allowed in a PDF string (Unicode):
(hyperref)                removing `\symoperators' on input line 1679.


Package hyperref Warning: Token not allowed in a PDF string (Unicode):
(hyperref)                removing `\@ifnextchar' on input line 1679.


Package hyperref Warning: Token not allowed in a PDF string (Unicode):
(hyperref)                removing `math shift' on input line 1679.

<xymatrix 9x3 690> [51] <xymatrix 5x2 219> <xymatrix 6x2 568> <xymatrix 2x2
120> [52] <xymatrix 5x2 417> <xymatrix 5x2 410> <xymatrix 6x2 568> <xymatrix
3x2 145> <xymatrix 4x2 207> <xymatrix 5x2 338> [53] <xymatrix 5x4 422>
<xymatrix 5x4 620> <xymatrix 5x4 661> [54] <xymatrix 5x5 987>

Package hyperref Warning: Token not allowed in a PDF string (Unicode):
(hyperref)                removing `math shift' on input line 1804.


Package hyperref Warning: Token not allowed in a PDF string (Unicode):
(hyperref)                removing `\mathop' on input line 1804.


Package hyperref Warning: Token not allowed in a PDF string (Unicode):
(hyperref)                removing `\mathcode' on input line 1804.


Package hyperref Warning: Token not allowed in a PDF string (Unicode):
(hyperref)                removing `\mathcode' on input line 1804.


Package hyperref Warning: Token not allowed in a PDF string (Unicode):
(hyperref)                removing `\mathcode' on input line 1804.


Package hyperref Warning: Token not allowed in a PDF string (Unicode):
(hyperref)                removing `\mathchardef' on input line 1804.


Package hyperref Warning: Token not allowed in a PDF string (Unicode):
(hyperref)                removing `\std@minus' on input line 1804.


Package hyperref Warning: Token not allowed in a PDF string (Unicode):
(hyperref)                removing `\mathcode' on input line 1804.


Package hyperref Warning: Token not allowed in a PDF string (Unicode):
(hyperref)                removing `\mathcode' on input line 1804.


Package hyperref Warning: Token not allowed in a PDF string (Unicode):
(hyperref)                removing `\mathcode' on input line 1804.


Package hyperref Warning: Token not allowed in a PDF string (Unicode):
(hyperref)                removing `\mathcode' on input line 1804.


Package hyperref Warning: Token not allowed in a PDF string (Unicode):
(hyperref)                \kern 2.55527pt
(hyperref)                removed on input line 1804.


Package hyperref Warning: Token not allowed in a PDF string (Unicode):
(hyperref)                removing `\mathgroup' on input line 1804.


Package hyperref Warning: Token not allowed in a PDF string (Unicode):
(hyperref)                removing `\symoperators' on input line 1804.


Package hyperref Warning: Token not allowed in a PDF string (Unicode):
(hyperref)                removing `\@ifnextchar' on input line 1804.


Package hyperref Warning: Token not allowed in a PDF string (Unicode):
(hyperref)                removing `math shift' on input line 1804.

[55] [56] <xymatrix 2x2 168> [57]

Package hyperref Warning: Token not allowed in a PDF string (Unicode):
(hyperref)                removing `math shift' on input line 1871.


Package hyperref Warning: Token not allowed in a PDF string (Unicode):
(hyperref)                removing `\mathop' on input line 1871.


Package hyperref Warning: Token not allowed in a PDF string (Unicode):
(hyperref)                removing `\mathcode' on input line 1871.


Package hyperref Warning: Token not allowed in a PDF string (Unicode):
(hyperref)                removing `\mathcode' on input line 1871.


Package hyperref Warning: Token not allowed in a PDF string (Unicode):
(hyperref)                removing `\mathcode' on input line 1871.


Package hyperref Warning: Token not allowed in a PDF string (Unicode):
(hyperref)                removing `\mathchardef' on input line 1871.


Package hyperref Warning: Token not allowed in a PDF string (Unicode):
(hyperref)                removing `\std@minus' on input line 1871.


Package hyperref Warning: Token not allowed in a PDF string (Unicode):
(hyperref)                removing `\mathcode' on input line 1871.


Package hyperref Warning: Token not allowed in a PDF string (Unicode):
(hyperref)                removing `\mathcode' on input line 1871.


Package hyperref Warning: Token not allowed in a PDF string (Unicode):
(hyperref)                removing `\mathcode' on input line 1871.


Package hyperref Warning: Token not allowed in a PDF string (Unicode):
(hyperref)                removing `\mathcode' on input line 1871.


Package hyperref Warning: Token not allowed in a PDF string (Unicode):
(hyperref)                \kern 2.22198pt
(hyperref)                removed on input line 1871.


Package hyperref Warning: Token not allowed in a PDF string (Unicode):
(hyperref)                removing `\mathgroup' on input line 1871.


Package hyperref Warning: Token not allowed in a PDF string (Unicode):
(hyperref)                removing `\symoperators' on input line 1871.


Package hyperref Warning: Token not allowed in a PDF string (Unicode):
(hyperref)                removing `\@ifnextchar' on input line 1871.


Package hyperref Warning: Token not allowed in a PDF string (Unicode):
(hyperref)                removing `math shift' on input line 1871.


Overfull \hbox (24.02292pt too wide) in paragraph at lines 1874--1875
[][]\OT1/cmr/bx/n/10 Remark 24.1. []\OT1/cmr/m/n/10 You're sup-posed to tech-ni
-cally write $[][](\OML/cmm/m/it/10 M; N\OT1/cmr/m/n/10 )$ to mean $[][](\OML/c
mm/m/it/10 M; N\OT1/cmr/m/n/10 )$
 []

[58] <xymatrix 2x5 505> [59]
Overfull \hbox (14.97166pt too wide) in paragraph at lines 1919--1920
[][]\OT1/cmr/bx/n/10 Example 24.5. []\OT1/cmr/m/n/10 Con-sider $\OML/cmm/m/it/1
0 H[]\OT1/cmr/m/n/10 ([][]; \OT1/cmr/bx/n/10 Z\OML/cmm/m/it/10 =\OT1/cmr/m/n/10
 2\OT1/cmr/bx/n/10 Z\OT1/cmr/m/n/10 ) [] \OT1/cmr/bx/n/10 Z\OML/cmm/m/it/10 =\O
T1/cmr/m/n/10 2\OT1/cmr/bx/n/10 Z$\OT1/cmr/m/n/10 , and we can con-sider $\OML/
cmm/m/it/10 H[]\OT1/cmr/m/n/10 ([][]; \OT1/cmr/bx/n/10 Z\OT1/cmr/m/n/10 ) \OMS/
cmsy/m/n/10 

 []

[60]
Overfull \hbox (75.11453pt too wide) in paragraph at lines 1938--1939
[][]\OT1/cmr/bx/n/10 Example 25.3. []\OT1/cmr/m/n/10 For ex-am-ple, $\OML/cmm/m
/it/10 S[]\OT1/cmr/m/n/10 (\OML/cmm/m/it/10 X \OMS/cmsy/m/n/10 ^^B \OML/cmm/m/i
t/10 Y\OT1/cmr/m/n/10 ) = \OT1/cmr/bx/n/10 Z [][]\OT1/cmr/m/n/10 (^^A[] \OMS/cm
sy/m/n/10 ^^B \OML/cmm/m/it/10 Y\OT1/cmr/m/n/10 ) = \OT1/cmr/bx/n/10 Z [][]\OT1
/cmr/m/n/10 ((^^A[]\OML/cmm/m/it/10 ; \OT1/cmr/m/n/10 ^^A[])\OML/cmm/m/it/10 ; 
\OT1/cmr/m/n/10 (\OML/cmm/m/it/10 X; Y\OT1/cmr/m/n/10 ))$.
 []


Overfull \hbox (47.8428pt too wide) in paragraph at lines 1938--1939
\OT1/cmr/m/n/10 An-other ex-am-ple is that $[][] \OML/cmm/m/it/10 S[]\OT1/cmr/m
/n/10 (\OML/cmm/m/it/10 X\OT1/cmr/m/n/10 ) \OMS/cmsy/m/n/10 
 \OML/cmm/m/it/10 S[]\OT1/cmr/m/n/10 (\OML/cmm/m/it/10 Y\OT1/cmr/m/n/10 ) = [] 
\OT1/cmr/bx/n/10 Z [][]\OT1/cmr/m/n/10 (^^A[]\OML/cmm/m/it/10 ; X\OT1/cmr/m/n/1
0 ) \OMS/cmsy/m/n/10 
 \OT1/cmr/bx/n/10 Z [][]\OT1/cmr/m/n/10 (^^A[]\OML/cmm/m/it/10 ; Y\OT1/cmr/m/n/
10 ) =
 []


Overfull \hbox (41.247pt too wide) in paragraph at lines 1938--1939
[][] \OT1/cmr/bx/n/10 Z\OMS/cmsy/m/n/10 h[][]\OT1/cmr/m/n/10 (^^A[]\OML/cmm/m/i
t/10 ; X\OT1/cmr/m/n/10 ) \OMS/cmsy/m/n/10 ^^B [][]\OT1/cmr/m/n/10 (^^A[]\OML/c
mm/m/it/10 ; Y\OT1/cmr/m/n/10 )\OMS/cmsy/m/n/10 i \OT1/cmr/m/n/10 = [][] \OT1/c
mr/bx/n/10 Z [][]\OT1/cmr/m/n/10 ((^^A[]\OML/cmm/m/it/10 ; \OT1/cmr/m/n/10 ^^A[
])\OML/cmm/m/it/10 ; \OT1/cmr/m/n/10 (\OML/cmm/m/it/10 X; Y\OT1/cmr/m/n/10 ))$.
 
 []

<xymatrix 2x2 127> <xymatrix 2x2 134> [61] <xymatrix 2x2 168> <xymatrix 2x2
168> <xymatrix 3x2 196> <xymatrix 3x2 196> [62]
Overfull \hbox (45.10112pt too wide) detected at line 2017
\OML/cmm/m/it/10 H[]\OT1/cmr/m/n/10 ([][] \OMS/cmsy/m/n/10 ^^B [][]\OT1/cmr/m/n
/10 ; \OT1/cmr/bx/n/10 Z\OML/cmm/m/it/10 =\OT1/cmr/m/n/10 2\OT1/cmr/bx/n/10 Z\O
T1/cmr/m/n/10 ) = [] \OML/cmm/m/it/10 H[]\OT1/cmr/m/n/10 ([][]; \OT1/cmr/bx/n/1
0 Z\OML/cmm/m/it/10 =\OT1/cmr/m/n/10 2\OT1/cmr/bx/n/10 Z\OT1/cmr/m/n/10 ) \OMS/
cmsy/m/n/10 
 \OML/cmm/m/it/10 H[]\OT1/cmr/m/n/10 ([][]; \OT1/cmr/bx/n/10 Z\OML/cmm/m/it/10 
=\OT1/cmr/m/n/10 2\OT1/cmr/bx/n/10 Z\OT1/cmr/m/n/10 ) = []
 []


Overfull \hbox (81.66872pt too wide) detected at line 2025
\OML/cmm/m/it/10 H\OT1/cmr/m/n/10 (\OML/cmm/m/it/10 C[] \OMS/cmsy/m/n/10 
 \OT1/cmr/bx/n/10 Q\OT1/cmr/m/n/10 ) = \OML/cmm/m/it/10 H\OT1/cmr/m/n/10 (\OML/
cmm/m/it/10 C[] \OMS/cmsy/m/n/10 
 [] \OT1/cmr/bx/n/10 Z\OT1/cmr/m/n/10 ) = \OML/cmm/m/it/10 H\OT1/cmr/m/n/10 ([]
(\OML/cmm/m/it/10 C[] \OMS/cmsy/m/n/10 
 \OT1/cmr/bx/n/10 Z\OT1/cmr/m/n/10 )) = \OML/cmm/m/it/10 H\OT1/cmr/m/n/10 ([] \
OML/cmm/m/it/10 C[]\OT1/cmr/m/n/10 ) = [] \OML/cmm/m/it/10 H\OT1/cmr/m/n/10 (\O
ML/cmm/m/it/10 C[]\OT1/cmr/m/n/10 ) = \OML/cmm/m/it/10 H\OT1/cmr/m/n/10 (\OML/c
mm/m/it/10 C[]\OT1/cmr/m/n/10 ) \OMS/cmsy/m/n/10 
 [] \OT1/cmr/bx/n/10 Z \OT1/cmr/m/n/10 = \OML/cmm/m/it/10 H\OT1/cmr/m/n/10 (\OM
L/cmm/m/it/10 C[]\OT1/cmr/m/n/10 ) \OMS/cmsy/m/n/10 
 \OT1/cmr/bx/n/10 Q
 []


Overfull \hbox (3.53104pt too wide) in paragraph at lines 2028--2029
[][]\OT1/cmr/bx/n/10 Definition 26.1. []\OT1/cmr/m/n/10 The $\OML/cmm/m/it/10 n
$\OT1/cmr/m/n/10 th Betti num-ber of $\OML/cmm/m/it/10 X$ \OT1/cmr/m/n/10 is de
-fined to be $\OML/cmm/m/it/10 ^^L[] \OT1/cmr/m/n/10 := [][] \OML/cmm/m/it/10 H
[]\OT1/cmr/m/n/10 (\OML/cmm/m/it/10 X\OT1/cmr/m/n/10 ; \OT1/cmr/bx/n/10 Q\OT1/c
mr/m/n/10 )$. 
 []


Overfull \hbox (15.16017pt too wide) in paragraph at lines 2030--2031
[]\OT1/cmr/m/n/10 The Eu-ler char-ac-ter-is-tic can just as well have been de-f
ined as $\OML/cmm/m/it/10 ^^_\OT1/cmr/m/n/10 (\OML/cmm/m/it/10 X\OT1/cmr/m/n/10
 ) = [][](\OMS/cmsy/m/n/10 ^^@\OT1/cmr/m/n/10 1)[]\OML/cmm/m/it/10 ^^L[]$\OT1/c
mr/m/n/10 . 
 []

[63] <xymatrix 3x2 210> <xymatrix 2x2 182> <xymatrix 3x2 149> <xymatrix 2x2
182> [64] <xymatrix 3x3 256>
Underfull \vbox (badness 1762) has occurred while \output is active []

 [65]
Overfull \hbox (5.59186pt too wide) in paragraph at lines 2118--2119
[]\OT1/cmr/m/n/10 We also talked about the Kro-necker pair-ing. This gave an ev
al-u-a-tion $\OML/cmm/m/it/10 H[]\OT1/cmr/m/n/10 (\OML/cmm/m/it/10 X\OT1/cmr/m/
n/10 ; \OML/cmm/m/it/10 N\OT1/cmr/m/n/10 ) \OMS/cmsy/m/n/10 
[]
 []


Overfull \hbox (3.12746pt too wide) in paragraph at lines 2118--2119
\OML/cmm/m/it/10 H[]\OT1/cmr/m/n/10 (\OML/cmm/m/it/10 X\OT1/cmr/m/n/10 ; \OML/c
mm/m/it/10 R\OT1/cmr/m/n/10 ) \OMS/cmsy/m/n/10 ! \OML/cmm/m/it/10 N$\OT1/cmr/m/
n/10 . Tak-ing the ad-joint gives a map $\OML/cmm/m/it/10 H[]\OT1/cmr/m/n/10 (\
OML/cmm/m/it/10 X\OT1/cmr/m/n/10 ; \OML/cmm/m/it/10 N\OT1/cmr/m/n/10 ) [] [][](
\OML/cmm/m/it/10 H[]\OT1/cmr/m/n/10 (\OML/cmm/m/it/10 X\OT1/cmr/m/n/10 ; \OML/c
mm/m/it/10 R\OT1/cmr/m/n/10 )\OML/cmm/m/it/10 ; N\OT1/cmr/m/n/10 )$.
 []

[66] <xymatrix 3x4 288> <xymatrix 3x4 288> [67] <xymatrix 3x3 208>

Package hyperref Warning: Token not allowed in a PDF string (Unicode):
(hyperref)                removing `math shift' on input line 2172.


Package hyperref Warning: Token not allowed in a PDF string (Unicode):
(hyperref)                removing `superscript' on input line 2172.


Package hyperref Warning: Token not allowed in a PDF string (Unicode):
(hyperref)                removing `\ast' on input line 2172.


Package hyperref Warning: Token not allowed in a PDF string (Unicode):
(hyperref)                removing `math shift' on input line 2172.

<xymatrix 5x5 918> [68]
Overfull \hbox (35.36609pt too wide) in paragraph at lines 2195--2197
\OT1/cmr/m/n/10 Thus $0 \OMS/cmsy/m/n/10 ! \OML/cmm/m/it/10 Z[]\OT1/cmr/m/n/10 
(\OML/cmm/m/it/10 C[]\OT1/cmr/m/n/10 )\OML/cmm/m/it/10 =B[]\OT1/cmr/m/n/10 (\OM
L/cmm/m/it/10 C[]\OT1/cmr/m/n/10 ) \OMS/cmsy/m/n/10 ! \OML/cmm/m/it/10 C[]=B[]\
OT1/cmr/m/n/10 (\OML/cmm/m/it/10 C[]\OT1/cmr/m/n/10 ) \OMS/cmsy/m/n/10 ! \OML/c
mm/m/it/10 C[]=Z[]\OT1/cmr/m/n/10 (\OML/cmm/m/it/10 C[]\OT1/cmr/m/n/10 ) \OMS/c
msy/m/n/10 ! \OT1/cmr/m/n/10 0$ splits. But $\OML/cmm/m/it/10 Z[]\OT1/cmr/m/n/1
0 (\OML/cmm/m/it/10 C[]\OT1/cmr/m/n/10 )\OML/cmm/m/it/10 =B[]\OT1/cmr/m/n/10 (\
OML/cmm/m/it/10 C[]\OT1/cmr/m/n/10 ) =
 []


Overfull \hbox (40.98276pt too wide) in paragraph at lines 2198--2199
[]\OT1/cmr/m/n/10 Now, we have a sexseq $0 \OMS/cmsy/m/n/10 ! \OML/cmm/m/it/10 
B[] [][]\OT1/cmr/m/n/10 (\OML/cmm/m/it/10 C[]; N\OT1/cmr/m/n/10 ) \OMS/cmsy/m/n
/10 ! \OML/cmm/m/it/10 Z[] [][]\OT1/cmr/m/n/10 (\OML/cmm/m/it/10 C[]; N\OT1/cmr
/m/n/10 ) \OMS/cmsy/m/n/10 ! \OML/cmm/m/it/10 H[] [][]\OT1/cmr/m/n/10 (\OML/cmm
/m/it/10 C[]; N\OT1/cmr/m/n/10 ) \OMS/cmsy/m/n/10 !
 []

<xymatrix 5x2 416>
Overfull \hbox (29.69844pt too wide) detected at line 2204
[]
 []

[69] [70] <xymatrix 2x2 154> <xymatrix 3x3 181> [71] <xymatrix 2x2 182>
[72] <xymatrix 2x2 182> <xymatrix 2x2 82> <xymatrix 2x2 154> [73] [74]
Overfull \hbox (17.80453pt too wide) in paragraph at lines 2393--2394
\OT1/cmr/m/it/10 sional vec-tor space over $\OT1/cmr/bx/n/10 F[]$ \OT1/cmr/m/it
/10 is iso-mor-phic to: $[]$
 []


Overfull \hbox (10.53302pt too wide) in paragraph at lines 2395--2396
\OT1/cmr/m/n/10 This is a com-mu-ta-tive monoid un-der $[]$. This $[]$ is $\OMS
/cmsy/m/n/10 f[]g\OML/cmm/m/it/10 =[]$
 []

[75] [76] <xymatrix 2x2 182> <xymatrix 3x2 231> [77] <xymatrix 2x3 227>
[78]

Package hyperref Warning: Token not allowed in a PDF string (Unicode):
(hyperref)                removing `math shift' on input line 2564.


Package hyperref Warning: Token not allowed in a PDF string (Unicode):
(hyperref)                removing `\cap' on input line 2564.


Package hyperref Warning: Token not allowed in a PDF string (Unicode):
(hyperref)                removing `math shift' on input line 2564.

[79] <xymatrix 3x5 498> <xymatrix 2x3 145> [80] <xymatrix 3x2 131>

Package hyperref Warning: Token not allowed in a PDF string (Unicode):
(hyperref)                removing `math shift' on input line 2630.


Package hyperref Warning: Token not allowed in a PDF string (Unicode):
(hyperref)                removing `superscript' on input line 2630.


Package hyperref Warning: Token not allowed in a PDF string (Unicode):
(hyperref)                removing `\ast' on input line 2630.


Package hyperref Warning: Token not allowed in a PDF string (Unicode):
(hyperref)                removing `math shift' on input line 2630.


Package hyperref Warning: Token not allowed in a PDF string (Unicode):
(hyperref)                removing `math shift' on input line 2630.


Package hyperref Warning: Token not allowed in a PDF string (Unicode):
(hyperref)                removing `\cap' on input line 2630.


Package hyperref Warning: Token not allowed in a PDF string (Unicode):
(hyperref)                removing `math shift' on input line 2630.

[81] <xymatrix 2x2 154> <xymatrix 6x2 452>
Overfull \hbox (122.19234pt too wide) detected at line 2660
[]
 []

<xymatrix 6x2 568>
Overfull \hbox (122.19234pt too wide) detected at line 2669
[]
 []

<xymatrix 2x2 134> [82] <xymatrix 2x2 154> <xymatrix 2x2 154> <xymatrix 2x2
154> <xymatrix 2x3 203>
Underfull \vbox (badness 2846) has occurred while \output is active []

 [83]
<xymatrix 6x3 847>
Overfull \hbox (122.19234pt too wide) detected at line 2724
[]
 []

<xymatrix 2x2 182> <xymatrix 6x2 533> [84] <xymatrix 6x2 526> <xymatrix 5x2
423>
Overfull \hbox (64.7968pt too wide) detected at line 2764
[]
 []


Overfull \hbox (93.03244pt too wide) detected at line 2768
[] \OMS/cmsy/m/n/10 ! \OML/cmm/m/it/10 H[]\OT1/cmr/m/n/10 (\OML/cmm/m/it/10 X; 
X \OMS/cmsy/m/n/10 ^^@ \OML/cmm/m/it/10 A \OMS/cmsy/m/n/10 [ \OML/cmm/m/it/10 B
\OT1/cmr/m/n/10 ) \OMS/cmsy/m/n/10 ! \OML/cmm/m/it/10 H[]\OT1/cmr/m/n/10 (\OML/
cmm/m/it/10 X; X \OMS/cmsy/m/n/10 ^^@ \OML/cmm/m/it/10 A\OT1/cmr/m/n/10 ) \OMS/
cmsy/m/n/10 ^^H \OML/cmm/m/it/10 H[]\OT1/cmr/m/n/10 (\OML/cmm/m/it/10 X; X \OMS
/cmsy/m/n/10 ^^@ \OML/cmm/m/it/10 B\OT1/cmr/m/n/10 ) \OMS/cmsy/m/n/10 ! \OML/cm
m/m/it/10 H[]\OT1/cmr/m/n/10 (\OML/cmm/m/it/10 X; X \OMS/cmsy/m/n/10 ^^@ \OML/c
mm/m/it/10 A \OMS/cmsy/m/n/10 \ \OML/cmm/m/it/10 B\OT1/cmr/m/n/10 ) \OMS/cmsy/m
/n/10 ! \OML/cmm/m/it/10 H[]\OT1/cmr/m/n/10 (\OML/cmm/m/it/10 X; X \OMS/cmsy/m/
n/10 ^^@ \OML/cmm/m/it/10 A \OMS/cmsy/m/n/10 [ \OML/cmm/m/it/10 B\OT1/cmr/m/n/1
0 ) \OMS/cmsy/m/n/10 ! []
 []

<xymatrix 5x2 464>
Overfull \hbox (182.36537pt too wide) detected at line 2781
[]
 []

<xymatrix 3x3 170>

Package hyperref Warning: Token not allowed in a PDF string (Unicode):
(hyperref)                removing `math shift' on input line 2793.


Package hyperref Warning: Token not allowed in a PDF string (Unicode):
(hyperref)                removing `superscript' on input line 2793.


Package hyperref Warning: Token not allowed in a PDF string (Unicode):
(hyperref)                removing `\ast' on input line 2793.


Package hyperref Warning: Token not allowed in a PDF string (Unicode):
(hyperref)                removing `math shift' on input line 2793.

[85]
Overfull \hbox (4.14232pt too wide) in paragraph at lines 2798--2799
[]\OT1/cmr/m/n/10 PLEASE DRAW A PIC-TURE WHEN READ-ING THIS IF YOU DIDN'T COME
 []


Package hyperref Warning: Token not allowed in a PDF string (Unicode):
(hyperref)                removing `math shift' on input line 2800.


Package hyperref Warning: Token not allowed in a PDF string (Unicode):
(hyperref)                removing `superscript' on input line 2800.


Package hyperref Warning: Token not allowed in a PDF string (Unicode):
(hyperref)                removing `\ast' on input line 2800.


Package hyperref Warning: Token not allowed in a PDF string (Unicode):
(hyperref)                removing `math shift' on input line 2800.


Package hyperref Warning: Token not allowed in a PDF string (Unicode):
(hyperref)                removing `math shift' on input line 2800.


Package hyperref Warning: Token not allowed in a PDF string (Unicode):
(hyperref)                removing `superscript' on input line 2800.


Package hyperref Warning: Token not allowed in a PDF string (Unicode):
(hyperref)                removing `\ast' on input line 2800.


Package hyperref Warning: Token not allowed in a PDF string (Unicode):
(hyperref)                removing `math shift' on input line 2800.

<xymatrix 2x2 89> <xymatrix 2x2 130> [86]
Overfull \hbox (11.76057pt too wide) in paragraph at lines 2827--2828
\OT1/cmr/m/n/10 this a ho-mo-mor-phism? Well, $[](\OML/cmm/m/it/10 K\OT1/cmr/m/
n/10 ) = [][] \OML/cmm/m/it/10 H[]\OT1/cmr/m/n/10 (\OML/cmm/m/it/10 U\OT1/cmr/m
/n/10 )$ and $[](\OML/cmm/m/it/10 L\OT1/cmr/m/n/10 ) = [][] \OML/cmm/m/it/10 H[
]\OT1/cmr/m/n/10 (\OML/cmm/m/it/10 V\OT1/cmr/m/n/10 )$.
 []

<xymatrix 2x2 154> <xymatrix 2x2 154> [87]

Package hyperref Warning: Token not allowed in a PDF string (Unicode):
(hyperref)                removing `math shift' on input line 2881.


Package hyperref Warning: Token not allowed in a PDF string (Unicode):
(hyperref)                removing `superscript' on input line 2881.


Package hyperref Warning: Token not allowed in a PDF string (Unicode):
(hyperref)                removing `math shift' on input line 2881.

<xymatrix 4x3 309>
Overfull \hbox (9.1473pt too wide) detected at line 2890
[]
 []

[88] [89] <xymatrix 4x2 300> <xymatrix 4x2 286> [90] [91] <xymatrix 4x2 382>
<xymatrix 4x2 382>
Overfull \hbox (126.50046pt too wide) in paragraph at lines 3007--3007
[] 
 []

<xymatrix 2x2 154> <xymatrix 2x2 154> <xymatrix 2x2 168> [92] [93]
Overfull \hbox (61.02948pt too wide) in paragraph at lines 3077--3077
[] 
 []


Overfull \hbox (15.75427pt too wide) in paragraph at lines 3092--3093
[][]\OT1/cmr/bx/n/10 Theorem 37.5 \OT1/cmr/m/n/10 (Fully rel-a-tive Poincare du
-al-ity)\OT1/cmr/bx/n/10 . []\OT1/cmr/m/it/10 If $\OML/cmm/m/it/10 p \OT1/cmr/m
/n/10 + \OML/cmm/m/it/10 q \OT1/cmr/m/n/10 = \OML/cmm/m/it/10 n$\OT1/cmr/m/it/1
0 , then $[]\OT1/cmr/m/n/10 (\OML/cmm/m/it/10 K; L\OT1/cmr/m/n/10 ; \OML/cmm/m/
it/10 R\OT1/cmr/m/n/10 ) []
 []

[94]
Overfull \hbox (7.55733pt too wide) in paragraph at lines 3109--3110
[]\OT1/cmr/m/n/10 Follows from the above corol-lary since $[](\OML/cmm/m/it/10 
M\OT1/cmr/m/n/10 ; \OML/cmm/m/it/10 R\OT1/cmr/m/n/10 )$ is lit-er-ally equal to
 $\OML/cmm/m/it/10 H[]\OT1/cmr/m/n/10 (\OML/cmm/m/it/10 M\OT1/cmr/m/n/10 ; \OML
/cmm/m/it/10 R\OT1/cmr/m/n/10 )$
 []

<xymatrix 6x2 568>
Overfull \hbox (12.80391pt too wide) detected at line 3117
[]
 []

[95]
Overfull \hbox (17.6158pt too wide) in paragraph at lines 3138--3139
[][]\OT1/cmr/bx/n/10 Theorem 38.4 \OT1/cmr/m/n/10 (Alexan-der du-al-ity)\OT1/cm
r/bx/n/10 . []\OT1/cmr/m/it/10 If $\OMS/cmsy/m/n/10 ; 6\OT1/cmr/m/n/10 = \OML/c
mm/m/it/10 K \OMS/cmsy/m/n/10 ^^R \OT1/cmr/bx/n/10 R[]$ \OT1/cmr/m/it/10 be com
-pact. Then $[]\OT1/cmr/m/n/10 (\OML/cmm/m/it/10 K\OT1/cmr/m/n/10 ; \OML/cmm/m/
it/10 R\OT1/cmr/m/n/10 ) []
 []

<xymatrix 5x2 331>
Overfull \hbox (1.16307pt too wide) detected at line 3155
[]
 []

<xymatrix 2x2 130> [96] [97]
Package atveryend Info: Empty hook `BeforeClearDocument' on input line 3209.
 [98]
Package atveryend Info: Empty hook `AfterLastShipout' on input line 3209.
 (./18-905-notes.aux)
Package atveryend Info: Empty hook `AtVeryEndDocument' on input line 3209.
Package atveryend Info: Empty hook `AtEndAfterFileList' on input line 3209.


LaTeX Warning: Label(s) may have changed. Rerun to get cross-references right.

Package atveryend Info: Empty hook `AtVeryVeryEnd' on input line 3209.
 ) 
Here is how much of TeX's memory you used:
 12525 strings out of 495579
 164819 string characters out of 6187323
 294700 words of memory out of 5000000
 15453 multiletter control sequences out of 15000+600000
 15618 words of font info for 65 fonts, out of 8000000 for 9000
 175 hyphenation exceptions out of 8191
 34i,26n,45p,1406b,513s stack positions out of 5000i,500n,10000p,200000b,80000s

Output written on 18-905-notes.pdf (98 pages).
